ERROR 2025-12-17 14:02:58,100 log 14772 13020 Internal Server Error: /it_operations/list/
Traceback (most recent call last):
  File "C:\Users\Noel\.virtualenvs\inventoryhub-ztkpPVwc\Lib\site-packages\django\urls\base.py", line 81, in reverse
    extra, resolver = resolver.namespace_dict[ns]
                      ~~~~~~~~~~~~~~~~~~~~~~~^^^^
KeyError: 'it_operations'

During handling of the above exception, another exception occurred:

Traceback (most recent call last):
  File "C:\Users\Noel\.virtualenvs\inventoryhub-ztkpPVwc\Lib\site-packages\django\core\handlers\exception.py", line 55, in inner
    response = get_response(request)
               ^^^^^^^^^^^^^^^^^^^^^
  File "C:\Users\Noel\.virtualenvs\inventoryhub-ztkpPVwc\Lib\site-packages\django\core\handlers\base.py", line 197, in _get_response
    response = wrapped_callback(request, *callback_args, **callback_kwargs)
               ^^^^^^^^^^^^^^^^^^^^^^^^^^^^^^^^^^^^^^^^^^^^^^^^^^^^^^^^^^^^
  File "C:\Users\Noel\Documents\GitHub\CLLIENTS\MOHI\inventoryhub\it_operations\views\work_plan_views.py", line 220, in work_plan_list
    return render(request, 'it_operations/work_plan/workplan_list.html', {
           ^^^^^^^^^^^^^^^^^^^^^^^^^^^^^^^^^^^^^^^^^^^^^^^^^^^^^^^^^^^^^^^
  File "C:\Users\Noel\.virtualenvs\inventoryhub-ztkpPVwc\Lib\site-packages\django\shortcuts.py", line 25, in render
    content = loader.render_to_string(template_name, context, request, using=using)
              ^^^^^^^^^^^^^^^^^^^^^^^^^^^^^^^^^^^^^^^^^^^^^^^^^^^^^^^^^^^^^^^^^^^^^
  File "C:\Users\Noel\.virtualenvs\inventoryhub-ztkpPVwc\Lib\site-packages\django\template\loader.py", line 62, in render_to_string
    return template.render(context, request)
           ^^^^^^^^^^^^^^^^^^^^^^^^^^^^^^^^^
  File "C:\Users\Noel\.virtualenvs\inventoryhub-ztkpPVwc\Lib\site-packages\django\template\backends\django.py", line 107, in render
    return self.template.render(context)
           ^^^^^^^^^^^^^^^^^^^^^^^^^^^^^
  File "C:\Users\Noel\.virtualenvs\inventoryhub-ztkpPVwc\Lib\site-packages\django\template\base.py", line 171, in render
    return self._render(context)
           ^^^^^^^^^^^^^^^^^^^^^
  File "C:\Users\Noel\.virtualenvs\inventoryhub-ztkpPVwc\Lib\site-packages\django\template\base.py", line 163, in _render
    return self.nodelist.render(context)
           ^^^^^^^^^^^^^^^^^^^^^^^^^^^^^
  File "C:\Users\Noel\.virtualenvs\inventoryhub-ztkpPVwc\Lib\site-packages\django\template\base.py", line 1016, in render
    return SafeString("".join([node.render_annotated(context) for node in self]))
                               ^^^^^^^^^^^^^^^^^^^^^^^^^^^^^^
  File "C:\Users\Noel\.virtualenvs\inventoryhub-ztkpPVwc\Lib\site-packages\django\template\base.py", line 977, in render_annotated
    return self.render(context)
           ^^^^^^^^^^^^^^^^^^^^
  File "C:\Users\Noel\.virtualenvs\inventoryhub-ztkpPVwc\Lib\site-packages\django\template\loader_tags.py", line 159, in render
    return compiled_parent._render(context)
           ^^^^^^^^^^^^^^^^^^^^^^^^^^^^^^^^
  File "C:\Users\Noel\.virtualenvs\inventoryhub-ztkpPVwc\Lib\site-packages\django\template\base.py", line 163, in _render
    return self.nodelist.render(context)
           ^^^^^^^^^^^^^^^^^^^^^^^^^^^^^
  File "C:\Users\Noel\.virtualenvs\inventoryhub-ztkpPVwc\Lib\site-packages\django\template\base.py", line 1016, in render
    return SafeString("".join([node.render_annotated(context) for node in self]))
                               ^^^^^^^^^^^^^^^^^^^^^^^^^^^^^^
  File "C:\Users\Noel\.virtualenvs\inventoryhub-ztkpPVwc\Lib\site-packages\django\template\base.py", line 977, in render_annotated
    return self.render(context)
           ^^^^^^^^^^^^^^^^^^^^
  File "C:\Users\Noel\.virtualenvs\inventoryhub-ztkpPVwc\Lib\site-packages\django\template\loader_tags.py", line 65, in render
    result = block.nodelist.render(context)
             ^^^^^^^^^^^^^^^^^^^^^^^^^^^^^^
  File "C:\Users\Noel\.virtualenvs\inventoryhub-ztkpPVwc\Lib\site-packages\django\template\base.py", line 1016, in render
    return SafeString("".join([node.render_annotated(context) for node in self]))
                               ^^^^^^^^^^^^^^^^^^^^^^^^^^^^^^
  File "C:\Users\Noel\.virtualenvs\inventoryhub-ztkpPVwc\Lib\site-packages\django\template\base.py", line 977, in render_annotated
    return self.render(context)
           ^^^^^^^^^^^^^^^^^^^^
  File "C:\Users\Noel\.virtualenvs\inventoryhub-ztkpPVwc\Lib\site-packages\django\template\defaulttags.py", line 327, in render
    return nodelist.render(context)
           ^^^^^^^^^^^^^^^^^^^^^^^^
  File "C:\Users\Noel\.virtualenvs\inventoryhub-ztkpPVwc\Lib\site-packages\django\template\base.py", line 1016, in render
    return SafeString("".join([node.render_annotated(context) for node in self]))
                               ^^^^^^^^^^^^^^^^^^^^^^^^^^^^^^
  File "C:\Users\Noel\.virtualenvs\inventoryhub-ztkpPVwc\Lib\site-packages\django\template\base.py", line 977, in render_annotated
    return self.render(context)
           ^^^^^^^^^^^^^^^^^^^^
  File "C:\Users\Noel\.virtualenvs\inventoryhub-ztkpPVwc\Lib\site-packages\django\template\defaulttags.py", line 480, in render
    url = reverse(view_name, args=args, kwargs=kwargs, current_app=current_app)
          ^^^^^^^^^^^^^^^^^^^^^^^^^^^^^^^^^^^^^^^^^^^^^^^^^^^^^^^^^^^^^^^^^^^^^
  File "C:\Users\Noel\.virtualenvs\inventoryhub-ztkpPVwc\Lib\site-packages\django\urls\base.py", line 92, in reverse
    raise NoReverseMatch("%s is not a registered namespace" % key)
django.urls.exceptions.NoReverseMatch: 'it_operations' is not a registered namespace
ERROR 2025-12-17 14:02:58,110 basehttp 14772 13020 "GET /it_operations/list/ HTTP/1.1" 500 167350
ERROR 2025-12-17 15:15:40,862 log 8140 16088 Internal Server Error: /it_operations/workplans/2/
Traceback (most recent call last):
  File "C:\Users\Noel\.virtualenvs\inventoryhub-ztkpPVwc\Lib\site-packages\django\core\handlers\exception.py", line 55, in inner
    response = get_response(request)
               ^^^^^^^^^^^^^^^^^^^^^
  File "C:\Users\Noel\.virtualenvs\inventoryhub-ztkpPVwc\Lib\site-packages\django\core\handlers\base.py", line 197, in _get_response
    response = wrapped_callback(request, *callback_args, **callback_kwargs)
               ^^^^^^^^^^^^^^^^^^^^^^^^^^^^^^^^^^^^^^^^^^^^^^^^^^^^^^^^^^^^
  File "C:\Users\Noel\.virtualenvs\inventoryhub-ztkpPVwc\Lib\site-packages\django\contrib\auth\decorators.py", line 59, in _view_wrapper
    return view_func(request, *args, **kwargs)
           ^^^^^^^^^^^^^^^^^^^^^^^^^^^^^^^^^^^
  File "C:\Users\Noel\Documents\GitHub\CLLIENTS\MOHI\inventoryhub\it_operations\views\work_plan_views.py", line 237, in work_plan_detail
    return render(request, 'work_plan/workplan_detail.html', context)
           ^^^^^^^^^^^^^^^^^^^^^^^^^^^^^^^^^^^^^^^^^^^^^^^^^^^^^^^^^^
  File "C:\Users\Noel\.virtualenvs\inventoryhub-ztkpPVwc\Lib\site-packages\django\shortcuts.py", line 25, in render
    content = loader.render_to_string(template_name, context, request, using=using)
              ^^^^^^^^^^^^^^^^^^^^^^^^^^^^^^^^^^^^^^^^^^^^^^^^^^^^^^^^^^^^^^^^^^^^^
  File "C:\Users\Noel\.virtualenvs\inventoryhub-ztkpPVwc\Lib\site-packages\django\template\loader.py", line 61, in render_to_string
    template = get_template(template_name, using=using)
               ^^^^^^^^^^^^^^^^^^^^^^^^^^^^^^^^^^^^^^^^
  File "C:\Users\Noel\.virtualenvs\inventoryhub-ztkpPVwc\Lib\site-packages\django\template\loader.py", line 15, in get_template
    return engine.get_template(template_name)
           ^^^^^^^^^^^^^^^^^^^^^^^^^^^^^^^^^^
  File "C:\Users\Noel\.virtualenvs\inventoryhub-ztkpPVwc\Lib\site-packages\django\template\backends\django.py", line 79, in get_template
    return Template(self.engine.get_template(template_name), self)
                    ^^^^^^^^^^^^^^^^^^^^^^^^^^^^^^^^^^^^^^^
  File "C:\Users\Noel\.virtualenvs\inventoryhub-ztkpPVwc\Lib\site-packages\django\template\engine.py", line 177, in get_template
    template, origin = self.find_template(template_name)
                       ^^^^^^^^^^^^^^^^^^^^^^^^^^^^^^^^^
  File "C:\Users\Noel\.virtualenvs\inventoryhub-ztkpPVwc\Lib\site-packages\django\template\engine.py", line 159, in find_template
    template = loader.get_template(name, skip=skip)
               ^^^^^^^^^^^^^^^^^^^^^^^^^^^^^^^^^^^^
  File "C:\Users\Noel\.virtualenvs\inventoryhub-ztkpPVwc\Lib\site-packages\django\template\loaders\cached.py", line 57, in get_template
    template = super().get_template(template_name, skip)
               ^^^^^^^^^^^^^^^^^^^^^^^^^^^^^^^^^^^^^^^^^
  File "C:\Users\Noel\.virtualenvs\inventoryhub-ztkpPVwc\Lib\site-packages\django\template\loaders\base.py", line 28, in get_template
    return Template(
           ^^^^^^^^^
  File "C:\Users\Noel\.virtualenvs\inventoryhub-ztkpPVwc\Lib\site-packages\django\template\base.py", line 154, in __init__
    self.nodelist = self.compile_nodelist()
                    ^^^^^^^^^^^^^^^^^^^^^^^
  File "C:\Users\Noel\.virtualenvs\inventoryhub-ztkpPVwc\Lib\site-packages\django\template\base.py", line 196, in compile_nodelist
    nodelist = parser.parse()
               ^^^^^^^^^^^^^^
  File "C:\Users\Noel\.virtualenvs\inventoryhub-ztkpPVwc\Lib\site-packages\django\template\base.py", line 518, in parse
    raise self.error(token, e)
  File "C:\Users\Noel\.virtualenvs\inventoryhub-ztkpPVwc\Lib\site-packages\django\template\base.py", line 516, in parse
    compiled_result = compile_func(self, token)
                      ^^^^^^^^^^^^^^^^^^^^^^^^^
  File "C:\Users\Noel\.virtualenvs\inventoryhub-ztkpPVwc\Lib\site-packages\django\template\loader_tags.py", line 299, in do_extends
    nodelist = parser.parse()
               ^^^^^^^^^^^^^^
  File "C:\Users\Noel\.virtualenvs\inventoryhub-ztkpPVwc\Lib\site-packages\django\template\base.py", line 518, in parse
    raise self.error(token, e)
  File "C:\Users\Noel\.virtualenvs\inventoryhub-ztkpPVwc\Lib\site-packages\django\template\base.py", line 516, in parse
    compiled_result = compile_func(self, token)
                      ^^^^^^^^^^^^^^^^^^^^^^^^^
  File "C:\Users\Noel\.virtualenvs\inventoryhub-ztkpPVwc\Lib\site-packages\django\template\loader_tags.py", line 234, in do_block
    nodelist = parser.parse(("endblock",))
               ^^^^^^^^^^^^^^^^^^^^^^^^^^^
  File "C:\Users\Noel\.virtualenvs\inventoryhub-ztkpPVwc\Lib\site-packages\django\template\base.py", line 518, in parse
    raise self.error(token, e)
  File "C:\Users\Noel\.virtualenvs\inventoryhub-ztkpPVwc\Lib\site-packages\django\template\base.py", line 516, in parse
    compiled_result = compile_func(self, token)
                      ^^^^^^^^^^^^^^^^^^^^^^^^^
  File "C:\Users\Noel\.virtualenvs\inventoryhub-ztkpPVwc\Lib\site-packages\django\template\defaulttags.py", line 962, in do_if
    nodelist = parser.parse(("elif", "else", "endif"))
               ^^^^^^^^^^^^^^^^^^^^^^^^^^^^^^^^^^^^^^^
  File "C:\Users\Noel\.virtualenvs\inventoryhub-ztkpPVwc\Lib\site-packages\django\template\base.py", line 518, in parse
    raise self.error(token, e)
  File "C:\Users\Noel\.virtualenvs\inventoryhub-ztkpPVwc\Lib\site-packages\django\template\base.py", line 516, in parse
    compiled_result = compile_func(self, token)
                      ^^^^^^^^^^^^^^^^^^^^^^^^^
  File "C:\Users\Noel\.virtualenvs\inventoryhub-ztkpPVwc\Lib\site-packages\django\template\defaulttags.py", line 862, in do_for
    nodelist_loop = parser.parse(
                    ^^^^^^^^^^^^^
  File "C:\Users\Noel\.virtualenvs\inventoryhub-ztkpPVwc\Lib\site-packages\django\template\base.py", line 518, in parse
    raise self.error(token, e)
  File "C:\Users\Noel\.virtualenvs\inventoryhub-ztkpPVwc\Lib\site-packages\django\template\base.py", line 516, in parse
    compiled_result = compile_func(self, token)
                      ^^^^^^^^^^^^^^^^^^^^^^^^^
  File "C:\Users\Noel\.virtualenvs\inventoryhub-ztkpPVwc\Lib\site-packages\django\template\defaulttags.py", line 1540, in do_with
    nodelist = parser.parse(("endwith",))
               ^^^^^^^^^^^^^^^^^^^^^^^^^^
  File "C:\Users\Noel\.virtualenvs\inventoryhub-ztkpPVwc\Lib\site-packages\django\template\base.py", line 518, in parse
    raise self.error(token, e)
  File "C:\Users\Noel\.virtualenvs\inventoryhub-ztkpPVwc\Lib\site-packages\django\template\base.py", line 516, in parse
    compiled_result = compile_func(self, token)
                      ^^^^^^^^^^^^^^^^^^^^^^^^^
  File "C:\Users\Noel\.virtualenvs\inventoryhub-ztkpPVwc\Lib\site-packages\django\template\defaulttags.py", line 1531, in do_with
    extra_context = token_kwargs(remaining_bits, parser, support_legacy=True)
                    ^^^^^^^^^^^^^^^^^^^^^^^^^^^^^^^^^^^^^^^^^^^^^^^^^^^^^^^^^
  File "C:\Users\Noel\.virtualenvs\inventoryhub-ztkpPVwc\Lib\site-packages\django\template\base.py", line 1127, in token_kwargs
    kwargs[key] = parser.compile_filter(value)
                  ^^^^^^^^^^^^^^^^^^^^^^^^^^^^
  File "C:\Users\Noel\.virtualenvs\inventoryhub-ztkpPVwc\Lib\site-packages\django\template\base.py", line 609, in compile_filter
    return FilterExpression(token, self)
           ^^^^^^^^^^^^^^^^^^^^^^^^^^^^^
  File "C:\Users\Noel\.virtualenvs\inventoryhub-ztkpPVwc\Lib\site-packages\django\template\base.py", line 705, in __init__
    filter_func = parser.find_filter(filter_name)
                  ^^^^^^^^^^^^^^^^^^^^^^^^^^^^^^^
  File "C:\Users\Noel\.virtualenvs\inventoryhub-ztkpPVwc\Lib\site-packages\django\template\base.py", line 615, in find_filter
    raise TemplateSyntaxError("Invalid filter: '%s'" % filter_name)
django.template.exceptions.TemplateSyntaxError: Invalid filter: 'lookup'
ERROR 2025-12-17 15:15:40,879 basehttp 8140 16088 "GET /it_operations/workplans/2/ HTTP/1.1" 500 410844
ERROR 2025-12-17 16:04:42,505 log 9284 4956 Internal Server Error: /it_operations/workplans/task/7/edit/
Traceback (most recent call last):
  File "C:\Users\Noel\.virtualenvs\inventoryhub-ztkpPVwc\Lib\site-packages\django\core\handlers\exception.py", line 55, in inner
    response = get_response(request)
               ^^^^^^^^^^^^^^^^^^^^^
  File "C:\Users\Noel\.virtualenvs\inventoryhub-ztkpPVwc\Lib\site-packages\django\core\handlers\base.py", line 197, in _get_response
    response = wrapped_callback(request, *callback_args, **callback_kwargs)
               ^^^^^^^^^^^^^^^^^^^^^^^^^^^^^^^^^^^^^^^^^^^^^^^^^^^^^^^^^^^^
  File "C:\Users\Noel\.virtualenvs\inventoryhub-ztkpPVwc\Lib\site-packages\django\contrib\auth\decorators.py", line 59, in _view_wrapper
    return view_func(request, *args, **kwargs)
           ^^^^^^^^^^^^^^^^^^^^^^^^^^^^^^^^^^^
  File "C:\Users\Noel\.virtualenvs\inventoryhub-ztkpPVwc\Lib\site-packages\django\views\decorators\http.py", line 64, in inner
    return func(request, *args, **kwargs)
           ^^^^^^^^^^^^^^^^^^^^^^^^^^^^^^
  File "C:\Users\Noel\Documents\GitHub\CLLIENTS\MOHI\inventoryhub\it_operations\views\work_plan_views.py", line 371, in work_plan_task_edit
    task.save()
  File "C:\Users\Noel\Documents\GitHub\CLLIENTS\MOHI\inventoryhub\it_operations\models.py", line 265, in save
    self.full_clean() # Run the validation above before saving
    ^^^^^^^^^^^^^^^^^
  File "C:\Users\Noel\.virtualenvs\inventoryhub-ztkpPVwc\Lib\site-packages\django\db\models\base.py", line 1679, in full_clean
    raise ValidationError(errors)
django.core.exceptions.ValidationError: {'__all__': ["Cannot add task on 2025-12-23. This day is marked as 'On Leave'."]}
ERROR 2025-12-17 16:04:42,509 basehttp 9284 4956 "POST /it_operations/workplans/task/7/edit/ HTTP/1.1" 500 88634
ERROR 2025-12-17 16:08:32,209 log 9284 4956 Internal Server Error: /it_operations/workplans/task/8/edit/
Traceback (most recent call last):
  File "C:\Users\Noel\.virtualenvs\inventoryhub-ztkpPVwc\Lib\site-packages\django\core\handlers\exception.py", line 55, in inner
    response = get_response(request)
               ^^^^^^^^^^^^^^^^^^^^^
  File "C:\Users\Noel\.virtualenvs\inventoryhub-ztkpPVwc\Lib\site-packages\django\core\handlers\base.py", line 197, in _get_response
    response = wrapped_callback(request, *callback_args, **callback_kwargs)
               ^^^^^^^^^^^^^^^^^^^^^^^^^^^^^^^^^^^^^^^^^^^^^^^^^^^^^^^^^^^^
  File "C:\Users\Noel\.virtualenvs\inventoryhub-ztkpPVwc\Lib\site-packages\django\contrib\auth\decorators.py", line 59, in _view_wrapper
    return view_func(request, *args, **kwargs)
           ^^^^^^^^^^^^^^^^^^^^^^^^^^^^^^^^^^^
  File "C:\Users\Noel\.virtualenvs\inventoryhub-ztkpPVwc\Lib\site-packages\django\views\decorators\http.py", line 64, in inner
    return func(request, *args, **kwargs)
           ^^^^^^^^^^^^^^^^^^^^^^^^^^^^^^
  File "C:\Users\Noel\Documents\GitHub\CLLIENTS\MOHI\inventoryhub\it_operations\views\work_plan_views.py", line 371, in work_plan_task_edit
    task.save()
  File "C:\Users\Noel\Documents\GitHub\CLLIENTS\MOHI\inventoryhub\it_operations\models.py", line 265, in save
    self.full_clean() # Run the validation above before saving
    ^^^^^^^^^^^^^^^^^
  File "C:\Users\Noel\.virtualenvs\inventoryhub-ztkpPVwc\Lib\site-packages\django\db\models\base.py", line 1679, in full_clean
    raise ValidationError(errors)
django.core.exceptions.ValidationError: {'__all__': ["Cannot add task on 2025-12-29. This day is marked as 'On Leave'."]}
ERROR 2025-12-17 16:08:32,209 basehttp 9284 4956 "POST /it_operations/workplans/task/8/edit/ HTTP/1.1" 500 88653
